<?xml version="1.0" encoding="UTF-8"?>
<!-- Generated by org.testng.reporters.JUnitReportReporter -->
<testsuite skipped="0" hostname="Java-boy" name="qaclickacademy.REST_API_Test" tests="2" failures="0" timestamp="29 Jul 2019 00:33:06 GMT" time="0.016" errors="0">
  <testcase name="deleteTwitter" time="0.016" classname="qaclickacademy.REST_API_Test"/>
  <testcase name="postJira" time="0.000" classname="qaclickacademy.REST_API_Test"/>
</testsuite> <!-- qaclickacademy.REST_API_Test -->
