<?xml version="1.0" encoding="UTF-8"?>
<!-- Generated by org.testng.reporters.JUnitReportReporter -->
<testsuite skipped="0" hostname="Java-boy" name="qaclickacademy.AppiumTest" tests="2" failures="0" timestamp="29 Jul 2019 00:33:06 GMT" time="0.000" errors="0">
  <testcase name="iOSApps" time="0.000" classname="qaclickacademy.AppiumTest"/>
  <testcase name="nativaAppAndroid" time="0.000" classname="qaclickacademy.AppiumTest"/>
</testsuite> <!-- qaclickacademy.AppiumTest -->
